<?xml version="1.0" encoding="UTF-8"?>
<!-- Generated by org.testng.reporters.JUnitXMLReporter -->
<testsuite hostname="DESKTOP-JHM3523" ignored="0" name="Test1" tests="12" failures="0" timestamp="07 Feb 2017 05:24:31 GMT" time="79.029" errors="0">
  <testcase name="testDesktopMenuBarNavigation" time="4.601" classname="com.uptake.navigation.NavigationTests"/>
  <testcase name="testDesktopMenuBarNavigation" time="4.362" classname="com.uptake.navigation.NavigationTests"/>
  <testcase name="testDesktopMenuBarNavigation" time="4.393" classname="com.uptake.navigation.NavigationTests"/>
  <testcase name="testDesktopMenuBarNavigation" time="4.556" classname="com.uptake.navigation.NavigationTests"/>
  <testcase name="testDesktopMenuBarNavigation" time="4.261" classname="com.uptake.navigation.NavigationTests"/>
  <testcase name="testDesktopMenuBarNavigation" time="5.898" classname="com.uptake.navigation.NavigationTests"/>
  <testcase name="testMobileDesktopMenuBarNavigation" time="3.94" classname="com.uptake.navigation.NavigationTests"/>
  <testcase name="testMobileDesktopMenuBarNavigation" time="3.64" classname="com.uptake.navigation.NavigationTests"/>
  <testcase name="testMobileDesktopMenuBarNavigation" time="3.598" classname="com.uptake.navigation.NavigationTests"/>
  <testcase name="testMobileDesktopMenuBarNavigation" time="3.751" classname="com.uptake.navigation.NavigationTests"/>
  <testcase name="testMobileDesktopMenuBarNavigation" time="3.684" classname="com.uptake.navigation.NavigationTests"/>
  <testcase name="testMobileDesktopMenuBarNavigation" time="5.18" classname="com.uptake.navigation.NavigationTests"/>
</testsuite> <!-- Test1 -->
