<?xml version="1.0" encoding="UTF-8"?>
<testng-results skipped="0" failed="0" ignored="0" total="12" passed="12">
  <reporter-output>
  </reporter-output>
  <suite name="Tests" duration-ms="79029" started-at="2017-02-07T05:23:12Z" finished-at="2017-02-07T05:24:31Z">
    <groups>
    </groups>
    <test name="Test1" duration-ms="79029" started-at="2017-02-07T05:23:12Z" finished-at="2017-02-07T05:24:31Z">
      <class name="com.uptake.navigation.NavigationTests">
        <test-method status="PASS" signature="initTestSuite()[pri:0, instance:com.uptake.navigation.NavigationTests@2ed94a8b]" name="initTestSuite" is-config="true" duration-ms="25" started-at="2017-02-06T23:23:12Z" finished-at="2017-02-06T23:23:12Z">
          <reporter-output>
          </reporter-output>
        </test-method> <!-- initTestSuite -->
        <test-method status="PASS" signature="initWebDriver()[pri:0, instance:com.uptake.navigation.NavigationTests@2ed94a8b]" name="initWebDriver" is-config="true" duration-ms="8876" started-at="2017-02-06T23:23:12Z" finished-at="2017-02-06T23:23:20Z">
          <reporter-output>
          </reporter-output>
        </test-method> <!-- initWebDriver -->
        <test-method status="PASS" signature="beforeMethod()[pri:0, instance:com.uptake.navigation.NavigationTests@2ed94a8b]" name="beforeMethod" is-config="true" duration-ms="41" started-at="2017-02-06T23:23:20Z" finished-at="2017-02-06T23:23:20Z">
          <reporter-output>
          </reporter-output>
        </test-method> <!-- beforeMethod -->
        <test-method status="PASS" signature="testDesktopMenuBarNavigation(int, java.lang.String, java.lang.String)[pri:0, instance:com.uptake.navigation.NavigationTests@2ed94a8b]" name="testDesktopMenuBarNavigation" duration-ms="4601" started-at="2017-02-06T23:23:20Z" data-provider="NavigationMenuItems" finished-at="2017-02-06T23:23:25Z">
          <params>
            <param index="0">
              <value>
                <![CDATA[0]]>
              </value>
            </param>
            <param index="1">
              <value>
                <![CDATA[Approach]]>
              </value>
            </param>
            <param index="2">
              <value>
                <![CDATA[/approach]]>
              </value>
            </param>
          </params>
          <reporter-output>
          </reporter-output>
        </test-method> <!-- testDesktopMenuBarNavigation -->
        <test-method status="PASS" signature="initWebDriver()[pri:0, instance:com.uptake.navigation.NavigationTests@2ed94a8b]" name="initWebDriver" is-config="true" duration-ms="1584" started-at="2017-02-06T23:23:25Z" finished-at="2017-02-06T23:23:27Z">
          <reporter-output>
          </reporter-output>
        </test-method> <!-- initWebDriver -->
        <test-method status="PASS" signature="beforeMethod()[pri:0, instance:com.uptake.navigation.NavigationTests@2ed94a8b]" name="beforeMethod" is-config="true" duration-ms="1" started-at="2017-02-06T23:23:27Z" finished-at="2017-02-06T23:23:27Z">
          <reporter-output>
          </reporter-output>
        </test-method> <!-- beforeMethod -->
        <test-method status="PASS" signature="testDesktopMenuBarNavigation(int, java.lang.String, java.lang.String)[pri:0, instance:com.uptake.navigation.NavigationTests@2ed94a8b]" name="testDesktopMenuBarNavigation" duration-ms="4362" started-at="2017-02-06T23:23:27Z" data-provider="NavigationMenuItems" finished-at="2017-02-06T23:23:31Z">
          <params>
            <param index="0">
              <value>
                <![CDATA[1]]>
              </value>
            </param>
            <param index="1">
              <value>
                <![CDATA[Products]]>
              </value>
            </param>
            <param index="2">
              <value>
                <![CDATA[/products]]>
              </value>
            </param>
          </params>
          <reporter-output>
          </reporter-output>
        </test-method> <!-- testDesktopMenuBarNavigation -->
        <test-method status="PASS" signature="initWebDriver()[pri:0, instance:com.uptake.navigation.NavigationTests@2ed94a8b]" name="initWebDriver" is-config="true" duration-ms="1430" started-at="2017-02-06T23:23:31Z" finished-at="2017-02-06T23:23:32Z">
          <reporter-output>
          </reporter-output>
        </test-method> <!-- initWebDriver -->
        <test-method status="PASS" signature="beforeMethod()[pri:0, instance:com.uptake.navigation.NavigationTests@2ed94a8b]" name="beforeMethod" is-config="true" duration-ms="1" started-at="2017-02-06T23:23:32Z" finished-at="2017-02-06T23:23:32Z">
          <reporter-output>
          </reporter-output>
        </test-method> <!-- beforeMethod -->
        <test-method status="PASS" signature="testDesktopMenuBarNavigation(int, java.lang.String, java.lang.String)[pri:0, instance:com.uptake.navigation.NavigationTests@2ed94a8b]" name="testDesktopMenuBarNavigation" duration-ms="4393" started-at="2017-02-06T23:23:32Z" data-provider="NavigationMenuItems" finished-at="2017-02-06T23:23:37Z">
          <params>
            <param index="0">
              <value>
                <![CDATA[2]]>
              </value>
            </param>
            <param index="1">
              <value>
                <![CDATA[Industries]]>
              </value>
            </param>
            <param index="2">
              <value>
                <![CDATA[/industries]]>
              </value>
            </param>
          </params>
          <reporter-output>
          </reporter-output>
        </test-method> <!-- testDesktopMenuBarNavigation -->
        <test-method status="PASS" signature="initWebDriver()[pri:0, instance:com.uptake.navigation.NavigationTests@2ed94a8b]" name="initWebDriver" is-config="true" duration-ms="1354" started-at="2017-02-06T23:23:37Z" finished-at="2017-02-06T23:23:38Z">
          <reporter-output>
          </reporter-output>
        </test-method> <!-- initWebDriver -->
        <test-method status="PASS" signature="beforeMethod()[pri:0, instance:com.uptake.navigation.NavigationTests@2ed94a8b]" name="beforeMethod" is-config="true" duration-ms="1" started-at="2017-02-06T23:23:38Z" finished-at="2017-02-06T23:23:38Z">
          <reporter-output>
          </reporter-output>
        </test-method> <!-- beforeMethod -->
        <test-method status="PASS" signature="testDesktopMenuBarNavigation(int, java.lang.String, java.lang.String)[pri:0, instance:com.uptake.navigation.NavigationTests@2ed94a8b]" name="testDesktopMenuBarNavigation" duration-ms="4556" started-at="2017-02-06T23:23:38Z" data-provider="NavigationMenuItems" finished-at="2017-02-06T23:23:43Z">
          <params>
            <param index="0">
              <value>
                <![CDATA[3]]>
              </value>
            </param>
            <param index="1">
              <value>
                <![CDATA[Newsroom]]>
              </value>
            </param>
            <param index="2">
              <value>
                <![CDATA[/newsroom]]>
              </value>
            </param>
          </params>
          <reporter-output>
          </reporter-output>
        </test-method> <!-- testDesktopMenuBarNavigation -->
        <test-method status="PASS" signature="initWebDriver()[pri:0, instance:com.uptake.navigation.NavigationTests@2ed94a8b]" name="initWebDriver" is-config="true" duration-ms="1540" started-at="2017-02-06T23:23:43Z" finished-at="2017-02-06T23:23:44Z">
          <reporter-output>
          </reporter-output>
        </test-method> <!-- initWebDriver -->
        <test-method status="PASS" signature="beforeMethod()[pri:0, instance:com.uptake.navigation.NavigationTests@2ed94a8b]" name="beforeMethod" is-config="true" duration-ms="1" started-at="2017-02-06T23:23:44Z" finished-at="2017-02-06T23:23:44Z">
          <reporter-output>
          </reporter-output>
        </test-method> <!-- beforeMethod -->
        <test-method status="PASS" signature="testDesktopMenuBarNavigation(int, java.lang.String, java.lang.String)[pri:0, instance:com.uptake.navigation.NavigationTests@2ed94a8b]" name="testDesktopMenuBarNavigation" duration-ms="4261" started-at="2017-02-06T23:23:44Z" data-provider="NavigationMenuItems" finished-at="2017-02-06T23:23:49Z">
          <params>
            <param index="0">
              <value>
                <![CDATA[4]]>
              </value>
            </param>
            <param index="1">
              <value>
                <![CDATA[Beyond.Uptake]]>
              </value>
            </param>
            <param index="2">
              <value>
                <![CDATA[/beyond-uptake]]>
              </value>
            </param>
          </params>
          <reporter-output>
          </reporter-output>
        </test-method> <!-- testDesktopMenuBarNavigation -->
        <test-method status="PASS" signature="initWebDriver()[pri:0, instance:com.uptake.navigation.NavigationTests@2ed94a8b]" name="initWebDriver" is-config="true" duration-ms="1649" started-at="2017-02-06T23:23:49Z" finished-at="2017-02-06T23:23:50Z">
          <reporter-output>
          </reporter-output>
        </test-method> <!-- initWebDriver -->
        <test-method status="PASS" signature="beforeMethod()[pri:0, instance:com.uptake.navigation.NavigationTests@2ed94a8b]" name="beforeMethod" is-config="true" duration-ms="1" started-at="2017-02-06T23:23:50Z" finished-at="2017-02-06T23:23:50Z">
          <reporter-output>
          </reporter-output>
        </test-method> <!-- beforeMethod -->
        <test-method status="PASS" signature="testDesktopMenuBarNavigation(int, java.lang.String, java.lang.String)[pri:0, instance:com.uptake.navigation.NavigationTests@2ed94a8b]" name="testDesktopMenuBarNavigation" duration-ms="5898" started-at="2017-02-06T23:23:50Z" data-provider="NavigationMenuItems" finished-at="2017-02-06T23:23:56Z">
          <params>
            <param index="0">
              <value>
                <![CDATA[5]]>
              </value>
            </param>
            <param index="1">
              <value>
                <![CDATA[Uptake Blog]]>
              </value>
            </param>
            <param index="2">
              <value>
                <![CDATA[https://blog.uptake.com/]]>
              </value>
            </param>
          </params>
          <reporter-output>
          </reporter-output>
        </test-method> <!-- testDesktopMenuBarNavigation -->
        <test-method status="PASS" signature="initWebDriver()[pri:0, instance:com.uptake.navigation.NavigationTests@2ed94a8b]" name="initWebDriver" is-config="true" duration-ms="1380" started-at="2017-02-06T23:23:56Z" finished-at="2017-02-06T23:23:58Z">
          <reporter-output>
          </reporter-output>
        </test-method> <!-- initWebDriver -->
        <test-method status="PASS" signature="beforeMethod()[pri:0, instance:com.uptake.navigation.NavigationTests@2ed94a8b]" name="beforeMethod" is-config="true" duration-ms="1" started-at="2017-02-06T23:23:58Z" finished-at="2017-02-06T23:23:58Z">
          <reporter-output>
          </reporter-output>
        </test-method> <!-- beforeMethod -->
        <test-method status="PASS" signature="testMobileDesktopMenuBarNavigation(int, java.lang.String, java.lang.String)[pri:0, instance:com.uptake.navigation.NavigationTests@2ed94a8b]" name="testMobileDesktopMenuBarNavigation" duration-ms="3940" started-at="2017-02-06T23:23:58Z" data-provider="NavigationMenuItems" finished-at="2017-02-06T23:24:01Z">
          <params>
            <param index="0">
              <value>
                <![CDATA[0]]>
              </value>
            </param>
            <param index="1">
              <value>
                <![CDATA[Approach]]>
              </value>
            </param>
            <param index="2">
              <value>
                <![CDATA[/approach]]>
              </value>
            </param>
          </params>
          <reporter-output>
          </reporter-output>
        </test-method> <!-- testMobileDesktopMenuBarNavigation -->
        <test-method status="PASS" signature="initWebDriver()[pri:0, instance:com.uptake.navigation.NavigationTests@2ed94a8b]" name="initWebDriver" is-config="true" duration-ms="1655" started-at="2017-02-06T23:24:01Z" finished-at="2017-02-06T23:24:03Z">
          <reporter-output>
          </reporter-output>
        </test-method> <!-- initWebDriver -->
        <test-method status="PASS" signature="beforeMethod()[pri:0, instance:com.uptake.navigation.NavigationTests@2ed94a8b]" name="beforeMethod" is-config="true" duration-ms="2" started-at="2017-02-06T23:24:03Z" finished-at="2017-02-06T23:24:03Z">
          <reporter-output>
          </reporter-output>
        </test-method> <!-- beforeMethod -->
        <test-method status="PASS" signature="testMobileDesktopMenuBarNavigation(int, java.lang.String, java.lang.String)[pri:0, instance:com.uptake.navigation.NavigationTests@2ed94a8b]" name="testMobileDesktopMenuBarNavigation" duration-ms="3640" started-at="2017-02-06T23:24:03Z" data-provider="NavigationMenuItems" finished-at="2017-02-06T23:24:07Z">
          <params>
            <param index="0">
              <value>
                <![CDATA[1]]>
              </value>
            </param>
            <param index="1">
              <value>
                <![CDATA[Products]]>
              </value>
            </param>
            <param index="2">
              <value>
                <![CDATA[/products]]>
              </value>
            </param>
          </params>
          <reporter-output>
          </reporter-output>
        </test-method> <!-- testMobileDesktopMenuBarNavigation -->
        <test-method status="PASS" signature="initWebDriver()[pri:0, instance:com.uptake.navigation.NavigationTests@2ed94a8b]" name="initWebDriver" is-config="true" duration-ms="1751" started-at="2017-02-06T23:24:07Z" finished-at="2017-02-06T23:24:09Z">
          <reporter-output>
          </reporter-output>
        </test-method> <!-- initWebDriver -->
        <test-method status="PASS" signature="beforeMethod()[pri:0, instance:com.uptake.navigation.NavigationTests@2ed94a8b]" name="beforeMethod" is-config="true" duration-ms="1" started-at="2017-02-06T23:24:09Z" finished-at="2017-02-06T23:24:09Z">
          <reporter-output>
          </reporter-output>
        </test-method> <!-- beforeMethod -->
        <test-method status="PASS" signature="testMobileDesktopMenuBarNavigation(int, java.lang.String, java.lang.String)[pri:0, instance:com.uptake.navigation.NavigationTests@2ed94a8b]" name="testMobileDesktopMenuBarNavigation" duration-ms="3598" started-at="2017-02-06T23:24:09Z" data-provider="NavigationMenuItems" finished-at="2017-02-06T23:24:12Z">
          <params>
            <param index="0">
              <value>
                <![CDATA[2]]>
              </value>
            </param>
            <param index="1">
              <value>
                <![CDATA[Industries]]>
              </value>
            </param>
            <param index="2">
              <value>
                <![CDATA[/industries]]>
              </value>
            </param>
          </params>
          <reporter-output>
          </reporter-output>
        </test-method> <!-- testMobileDesktopMenuBarNavigation -->
        <test-method status="PASS" signature="initWebDriver()[pri:0, instance:com.uptake.navigation.NavigationTests@2ed94a8b]" name="initWebDriver" is-config="true" duration-ms="1785" started-at="2017-02-06T23:24:12Z" finished-at="2017-02-06T23:24:14Z">
          <reporter-output>
          </reporter-output>
        </test-method> <!-- initWebDriver -->
        <test-method status="PASS" signature="beforeMethod()[pri:0, instance:com.uptake.navigation.NavigationTests@2ed94a8b]" name="beforeMethod" is-config="true" duration-ms="1" started-at="2017-02-06T23:24:14Z" finished-at="2017-02-06T23:24:14Z">
          <reporter-output>
          </reporter-output>
        </test-method> <!-- beforeMethod -->
        <test-method status="PASS" signature="testMobileDesktopMenuBarNavigation(int, java.lang.String, java.lang.String)[pri:0, instance:com.uptake.navigation.NavigationTests@2ed94a8b]" name="testMobileDesktopMenuBarNavigation" duration-ms="3751" started-at="2017-02-06T23:24:14Z" data-provider="NavigationMenuItems" finished-at="2017-02-06T23:24:18Z">
          <params>
            <param index="0">
              <value>
                <![CDATA[3]]>
              </value>
            </param>
            <param index="1">
              <value>
                <![CDATA[Newsroom]]>
              </value>
            </param>
            <param index="2">
              <value>
                <![CDATA[/newsroom]]>
              </value>
            </param>
          </params>
          <reporter-output>
          </reporter-output>
        </test-method> <!-- testMobileDesktopMenuBarNavigation -->
        <test-method status="PASS" signature="initWebDriver()[pri:0, instance:com.uptake.navigation.NavigationTests@2ed94a8b]" name="initWebDriver" is-config="true" duration-ms="2098" started-at="2017-02-06T23:24:18Z" finished-at="2017-02-06T23:24:20Z">
          <reporter-output>
          </reporter-output>
        </test-method> <!-- initWebDriver -->
        <test-method status="PASS" signature="beforeMethod()[pri:0, instance:com.uptake.navigation.NavigationTests@2ed94a8b]" name="beforeMethod" is-config="true" duration-ms="1" started-at="2017-02-06T23:24:20Z" finished-at="2017-02-06T23:24:20Z">
          <reporter-output>
          </reporter-output>
        </test-method> <!-- beforeMethod -->
        <test-method status="PASS" signature="testMobileDesktopMenuBarNavigation(int, java.lang.String, java.lang.String)[pri:0, instance:com.uptake.navigation.NavigationTests@2ed94a8b]" name="testMobileDesktopMenuBarNavigation" duration-ms="3684" started-at="2017-02-06T23:24:20Z" data-provider="NavigationMenuItems" finished-at="2017-02-06T23:24:23Z">
          <params>
            <param index="0">
              <value>
                <![CDATA[4]]>
              </value>
            </param>
            <param index="1">
              <value>
                <![CDATA[Beyond.Uptake]]>
              </value>
            </param>
            <param index="2">
              <value>
                <![CDATA[/beyond-uptake]]>
              </value>
            </param>
          </params>
          <reporter-output>
          </reporter-output>
        </test-method> <!-- testMobileDesktopMenuBarNavigation -->
        <test-method status="PASS" signature="initWebDriver()[pri:0, instance:com.uptake.navigation.NavigationTests@2ed94a8b]" name="initWebDriver" is-config="true" duration-ms="1978" started-at="2017-02-06T23:24:23Z" finished-at="2017-02-06T23:24:25Z">
          <reporter-output>
          </reporter-output>
        </test-method> <!-- initWebDriver -->
        <test-method status="PASS" signature="beforeMethod()[pri:0, instance:com.uptake.navigation.NavigationTests@2ed94a8b]" name="beforeMethod" is-config="true" duration-ms="1" started-at="2017-02-06T23:24:25Z" finished-at="2017-02-06T23:24:25Z">
          <reporter-output>
          </reporter-output>
        </test-method> <!-- beforeMethod -->
        <test-method status="PASS" signature="testMobileDesktopMenuBarNavigation(int, java.lang.String, java.lang.String)[pri:0, instance:com.uptake.navigation.NavigationTests@2ed94a8b]" name="testMobileDesktopMenuBarNavigation" duration-ms="5180" started-at="2017-02-06T23:24:25Z" data-provider="NavigationMenuItems" finished-at="2017-02-06T23:24:31Z">
          <params>
            <param index="0">
              <value>
                <![CDATA[5]]>
              </value>
            </param>
            <param index="1">
              <value>
                <![CDATA[Uptake Blog]]>
              </value>
            </param>
            <param index="2">
              <value>
                <![CDATA[https://blog.uptake.com/]]>
              </value>
            </param>
          </params>
          <reporter-output>
          </reporter-output>
        </test-method> <!-- testMobileDesktopMenuBarNavigation -->
        <test-method status="PASS" signature="tearDown()[pri:0, instance:com.uptake.navigation.NavigationTests@2ed94a8b]" name="tearDown" is-config="true" duration-ms="1349" started-at="2017-02-06T23:24:31Z" finished-at="2017-02-06T23:24:32Z">
          <reporter-output>
          </reporter-output>
        </test-method> <!-- tearDown -->
      </class> <!-- com.uptake.navigation.NavigationTests -->
    </test> <!-- Test1 -->
  </suite> <!-- Tests -->
</testng-results>
